app/build/outputs/logs/manifest-merger-debug-report.txt
-- Merging decision tree log ---
manifest
ADDED from src\main\AndroidManifest.xml:2:1-50:12
INJECTED from src\main\AndroidManifest.xml:2:1-50:12
INJECTED from src\main\AndroidManifest.xml:2:1-50:12
INJECTED from src\main\AndroidManifest.xml:2:1-50:12
MERGED from [com.android.support:design:26.1.0] AndroidManifest.xml:17:1-31:12
MERGED from [com.google.android.gms:play-services:11.0.0] AndroidManifest.xml:2:1-6:12
MERGED from [com.google.android.gms:play-services-cast-framework:11.0.0] AndroidManifest.xml:2:1-9:12
MERGED from [com.google.android.gms:play-services-cast:11.0.0] AndroidManifest.xml:16:1-19:12
MERGED from [com.android.support:mediarouter-v7:25.2.0] AndroidManifest.xml:17:1-24:12
MERGED from [com.android.support:appcompat-v7:26.1.0] AndroidManifest.xml:17:1-31:12
MERGED from [com.android.support:transition:26.1.0] AndroidManifest.xml:17:1-28:12
MERGED from [com.google.android.gms:play-services-awareness:11.0.0] AndroidManifest.xml:16:1-19:12
MERGED from [com.google.android.gms:play-services-fitness:11.0.0] AndroidManifest.xml:16:1-19:12
MERGED from [com.google.android.gms:play-services-location:11.0.0] AndroidManifest.xml:2:1-5:12
MERGED from [com.google.android.gms:play-services-ads:11.0.0] AndroidManifest.xml:16:1-18:12
MERGED from [com.google.android.gms:play-services-ads-lite:11.0.0] AndroidManifest.xml:16:1-27:12
MERGED from [com.google.android.gms:play-services-analytics:11.0.0] AndroidManifest.xml:16:1-27:12
MERGED from [com.google.android.gms:play-services-tagmanager:11.0.0] AndroidManifest.xml:16:1-18:12
MERGED from [com.google.android.gms:play-services-tagmanager-v4-impl:11.0.0] AndroidManifest.xml:16:1-20:12
MERGED from [com.google.android.gms:play-services-analytics-impl:11.0.0] AndroidManifest.xml:16:1-27:12
MERGED from [com.google.android.gms:play-services-appinvite:11.0.0] AndroidManifest.xml:16:1-27:12
MERGED from [com.google.android.gms:play-services-auth-api-phone:11.0.0] AndroidManifest.xml:2:1-4:12
MERGED from [com.google.android.gms:play-services-auth:11.0.0] AndroidManifest.xml:16:1-26:12
MERGED from [com.google.android.gms:play-services-auth-base:11.0.0] AndroidManifest.xml:2:1-5:12
MERGED from [com.google.android.gms:play-services-clearcut:11.0.0] AndroidManifest.xml:16:1-19:12
MERGED from [com.google.firebase:firebase-config:11.0.0] AndroidManifest.xml:16:1-19:12
MERGED from [com.google.android.gms:play-services-games:11.0.0] AndroidManifest.xml:16:1-19:12
MERGED from [com.google.android.gms:play-services-drive:11.0.0] AndroidManifest.xml:16:1-19:12
MERGED from [com.google.firebase:firebase-auth:11.0.0] AndroidManifest.xml:16:1-21:12
MERGED from [com.google.firebase:firebase-dynamic-links:11.0.0] AndroidManifest.xml:2:1-6:12
MERGED from [com.google.android.gms:play-services-gcm:11.0.0] AndroidManifest.xml:16:1-24:12
MERGED from [com.google.firebase:firebase-appindexing:11.0.0] AndroidManifest.xml:16:1-19:12
MERGED from [com.google.android.gms:play-services-wallet:11.0.0] AndroidManifest.xml:16:1-20:12
MERGED from [com.google.android.gms:play-services-identity:11.0.0] AndroidManifest.xml:16:1-19:12
MERGED from [com.google.android.gms:play-services-iid:11.0.0] AndroidManifest.xml:16:1-24:12
MERGED from [com.google.android.gms:play-services-instantapps:11.0.0] AndroidManifest.xml:2:1-4:12
MERGED from [com.google.android.gms:play-services-places:11.0.0] AndroidManifest.xml:16:1-19:12
MERGED from [com.google.android.gms:play-services-maps:11.0.0] AndroidManifest.xml:16:1-25:12
MERGED from [com.google.android.gms:play-services-nearby:11.0.0] AndroidManifest.xml:2:1-6:12
MERGED from [com.google.android.gms:play-services-panorama:11.0.0] AndroidManifest.xml:16:1-19:12
MERGED from [com.google.android.gms:play-services-plus:11.0.0] AndroidManifest.xml:16:1-19:12
MERGED from [com.google.android.gms:play-services-safetynet:11.0.0] AndroidManifest.xml:16:1-19:12
MERGED from [com.google.android.gms:play-services-vision:11.0.0] AndroidManifest.xml:2:1-5:12
MERGED from [com.google.android.gms:play-services-vision-common:11.0.0] AndroidManifest.xml:2:1-5:12
MERGED from [com.google.android.gms:play-services-wearable:11.0.0] AndroidManifest.xml:16:1-19:12
MERGED from [com.google.android.gms:play-services-base:11.0.0] AndroidManifest.xml:16:1-21:12
MERGED from [com.google.firebase:firebase-crash:11.0.0] AndroidManifest.xml:16:1-25:12
MERGED from [com.google.firebase:firebase-database:11.0.0] AndroidManifest.xml:2:1-4:12
MERGED from [com.google.firebase:firebase-database-connection:11.0.0] AndroidManifest.xml:2:1-4:12
MERGED from [com.google.firebase:firebase-messaging:11.0.0] AndroidManifest.xml:16:1-30:12
MERGED from [com.google.android.gms:play-services-tagmanager-api:11.0.0] AndroidManifest.xml:16:1-34:12
MERGED from [com.google.firebase:firebase-analytics:11.0.0] AndroidManifest.xml:16:1-35:12
MERGED from [com.google.firebase:firebase-analytics-impl:11.0.0] AndroidManifest.xml:16:1-29:12
MERGED from [com.google.firebase:firebase-iid:11.0.0] AndroidManifest.xml:16:1-50:12
MERGED from [com.google.firebase:firebase-storage:11.0.0] AndroidManifest.xml:2:1-4:12
MERGED from [com.google.firebase:firebase-storage-common:11.0.0] AndroidManifest.xml:2:1-4:12
MERGED from [com.google.firebase:firebase-common:11.0.0] AndroidManifest.xml:2:1-8:12
MERGED from [com.google.android.gms:play-services-gass:11.0.0] AndroidManifest.xml:2:1-5:12
MERGED from [com.google.android.gms:play-services-tasks:11.0.0] AndroidManifest.xml:2:1-5:12
MERGED from [com.google.android.gms:play-services-basement:11.0.0] AndroidManifest.xml:16:1-23:12
MERGED from [com.android.support:support-v4:26.1.0] AndroidManifest.xml:17:1-31:12
MERGED from [com.android.support.constraint:constraint-layout:1.1.2] AndroidManifest.xml:2:1-11:12
MERGED from [com.android.support:multidex:1.0.0] AndroidManifest.xml:16:1-19:12
MERGED from [com.android.support:recyclerview-v7:26.1.0] AndroidManifest.xml:17:1-28:12
MERGED from [com.android.support:support-fragment:26.1.0] AndroidManifest.xml:17:1-31:12
MERGED from [com.android.support:animated-vector-drawable:26.1.0] AndroidManifest.xml:17:1-28:12
MERGED from [com.android.support:support-core-ui:26.1.0] AndroidManifest.xml:17:1-31:12
MERGED from [com.android.support:support-media-compat:26.1.0] AndroidManifest.xml:17:1-31:12
MERGED from [com.android.support:support-vector-drawable:26.1.0] AndroidManifest.xml:17:1-28:12
MERGED from [com.android.support:palette-v7:25.2.0] AndroidManifest.xml:17:1-25:12
MERGED from [com.android.support:support-core-utils:26.1.0] AndroidManifest.xml:17:1-31:12
MERGED from [com.android.support:support-compat:26.1.0] AndroidManifest.xml:17:1-31:12
MERGED from [android.arch.lifecycle:runtime:1.0.0] AndroidManifest.xml:17:1-30:12
INJECTED from src\main\AndroidManifest.xml:2:1-50:12
INJECTED from src\main\AndroidManifest.xml:2:1-50:12
INJECTED from src\main\AndroidManifest.xml:2:1-50:12
	package
		ADDED from src\main\AndroidManifest.xml:3:5-41
		INJECTED from src\main\AndroidManifest.xml
		INJECTED from src\main\AndroidManifest.xml
	android:versionName
		INJECTED from src\main\AndroidManifest.xml
		ADDED from src\main\AndroidManifest.xml:2:1-50:12
		INJECTED from src\main\AndroidManifest.xml
	android:versionCode
		INJECTED from src\main\AndroidManifest.xml
		ADDED from src\main\AndroidManifest.xml:2:1-50:12
		INJECTED from src\main\AndroidManifest.xml
	xmlns:android
		ADDED from src\main\AndroidManifest.xml:2:11-69
uses-permission#android.permission.READ_CONTACTS
ADDED from src\main\AndroidManifest.xml:5:5-72
	android:name
		ADDED from src\main\AndroidManifest.xml:5:22-69
uses-permission#android.permission.ACCESS_FINE_LOCATION
ADDED from src\main\AndroidManifest.xml:6:5-79
	android:name
		ADDED from src\main\AndroidManifest.xml:6:22-76
uses-permission#android.permission.SEND_SMS
ADDED from src\main\AndroidManifest.xml:7:5-67
	android:name
		ADDED from src\main\AndroidManifest.xml:7:22-64
uses-permission#android.permission.ACCESS_COARSE_LOCATION
ADDED from src\main\AndroidManifest.xml:8:5-81
	android:name
		ADDED from src\main\AndroidManifest.xml:8:22-78
uses-feature#android.hardware.sensor.accelerometer
ADDED from src\main\AndroidManifest.xml:10:5-12:35
	android:required
		ADDED from src\main\AndroidManifest.xml:12:9-32
	android:name
		ADDED from src\main\AndroidManifest.xml:11:9-61
application
ADDED from src\main\AndroidManifest.xml:14:5-48:19
MERGED from [com.android.support:design:26.1.0] AndroidManifest.xml:25:5-29:19
MERGED from [com.android.support:design:26.1.0] AndroidManifest.xml:25:5-29:19
MERGED from [com.google.android.gms:play-services:11.0.0] AndroidManifest.xml:5:5-20
MERGED from [com.google.android.gms:play-services:11.0.0] AndroidManifest.xml:5:5-20
MERGED from [com.google.android.gms:play-services-cast-framework:11.0.0] AndroidManifest.xml:4:5-8:19
MERGED from [com.google.android.gms:play-services-cast-framework:11.0.0] AndroidManifest.xml:4:5-8:19
MERGED from [com.google.android.gms:play-services-cast:11.0.0] AndroidManifest.xml:18:5-19
MERGED from [com.google.android.gms:play-services-cast:11.0.0] AndroidManifest.xml:18:5-19
MERGED from [com.android.support:mediarouter-v7:25.2.0] AndroidManifest.xml:22:5-20
MERGED from [com.android.support:mediarouter-v7:25.2.0] AndroidManifest.xml:22:5-20
MERGED from [com.android.support:appcompat-v7:26.1.0] AndroidManifest.xml:25:5-29:19
MERGED from [com.android.support:appcompat-v7:26.1.0] AndroidManifest.xml:25:5-29:19
MERGED from [com.android.support:transition:26.1.0] AndroidManifest.xml:22:5-26:19
MERGED from [com.android.support:transition:26.1.0] AndroidManifest.xml:22:5-26:19
MERGED from [com.google.android.gms:play-services-awareness:11.0.0] AndroidManifest.xml:18:5-19
MERGED from [com.google.android.gms:play-services-awareness:11.0.0] AndroidManifest.xml:18:5-19
MERGED from [com.google.android.gms:play-services-fitness:11.0.0] AndroidManifest.xml:18:5-19
MERGED from [com.google.android.gms:play-services-fitness:11.0.0] AndroidManifest.xml:18:5-19
MERGED from [com.google.android.gms:play-services-location:11.0.0] AndroidManifest.xml:4:5-19
MERGED from [com.google.android.gms:play-services-location:11.0.0] AndroidManifest.xml:4:5-19
MERGED from [com.google.android.gms:play-services-ads-lite:11.0.0] AndroidManifest.xml:23:5-26:19
MERGED from [com.google.android.gms:play-services-ads-lite:11.0.0] AndroidManifest.xml:23:5-26:19
MERGED from [com.google.android.gms:play-services-analytics:11.0.0] AndroidManifest.xml:26:5-19
MERGED from [com.google.android.gms:play-services-analytics:11.0.0] AndroidManifest.xml:26:5-19
MERGED from [com.google.android.gms:play-services-tagmanager-v4-impl:11.0.0] AndroidManifest.xml:19:5-19
MERGED from [com.google.android.gms:play-services-tagmanager-v4-impl:11.0.0] AndroidManifest.xml:19:5-19
MERGED from [com.google.android.gms:play-services-analytics-impl:11.0.0] AndroidManifest.xml:26:5-19
MERGED from [com.google.android.gms:play-services-analytics-impl:11.0.0] AndroidManifest.xml:26:5-19
MERGED from [com.google.android.gms:play-services-appinvite:11.0.0] AndroidManifest.xml:19:5-26:19
MERGED from [com.google.android.gms:play-services-appinvite:11.0.0] AndroidManifest.xml:19:5-26:19
MERGED from [com.google.android.gms:play-services-auth:11.0.0] AndroidManifest.xml:19:5-25:19
MERGED from [com.google.android.gms:play-services-auth:11.0.0] AndroidManifest.xml:19:5-25:19
MERGED from [com.google.android.gms:play-services-clearcut:11.0.0] AndroidManifest.xml:18:5-19
MERGED from [com.google.android.gms:play-services-clearcut:11.0.0] AndroidManifest.xml:18:5-19
MERGED from [com.google.firebase:firebase-config:11.0.0] AndroidManifest.xml:18:5-19
MERGED from [com.google.firebase:firebase-config:11.0.0] AndroidManifest.xml:18:5-19
MERGED from [com.google.android.gms:play-services-games:11.0.0] AndroidManifest.xml:18:5-19
MERGED from [com.google.android.gms:play-services-games:11.0.0] AndroidManifest.xml:18:5-19
MERGED from [com.google.android.gms:play-services-drive:11.0.0] AndroidManifest.xml:18:5-19
MERGED from [com.google.android.gms:play-services-drive:11.0.0] AndroidManifest.xml:18:5-19
MERGED from [com.google.firebase:firebase-auth:11.0.0] AndroidManifest.xml:19:5-20:19
MERGED from [com.google.firebase:firebase-auth:11.0.0] AndroidManifest.xml:19:5-20:19
MERGED from [com.google.firebase:firebase-dynamic-links:11.0.0] AndroidManifest.xml:5:3-17
MERGED from [com.google.firebase:firebase-dynamic-links:11.0.0] AndroidManifest.xml:5:3-17
MERGED from [com.google.android.gms:play-services-gcm:11.0.0] AndroidManifest.xml:23:5-19
MERGED from [com.google.android.gms:play-services-gcm:11.0.0] AndroidManifest.xml:23:5-19
MERGED from [com.google.firebase:firebase-appindexing:11.0.0] AndroidManifest.xml:18:5-19
MERGED from [com.google.firebase:firebase-appindexing:11.0.0] AndroidManifest.xml:18:5-19
MERGED from [com.google.android.gms:play-services-identity:11.0.0] AndroidManifest.xml:18:5-19
MERGED from [com.google.android.gms:play-services-identity:11.0.0] AndroidManifest.xml:18:5-19
MERGED from [com.google.android.gms:play-services-iid:11.0.0] AndroidManifest.xml:23:5-19
MERGED from [com.google.android.gms:play-services-iid:11.0.0] AndroidManifest.xml:23:5-19
MERGED from [com.google.android.gms:play-services-places:11.0.0] AndroidManifest.xml:18:5-19
MERGED from [com.google.android.gms:play-services-places:11.0.0] AndroidManifest.xml:18:5-19
MERGED from [com.google.android.gms:play-services-maps:11.0.0] AndroidManifest.xml:24:5-19
MERGED from [com.google.android.gms:play-services-maps:11.0.0] AndroidManifest.xml:24:5-19
MERGED from [com.google.android.gms:play-services-nearby:11.0.0] AndroidManifest.xml:5:5-19
MERGED from [com.google.android.gms:play-services-nearby:11.0.0] AndroidManifest.xml:5:5-19
MERGED from [com.google.android.gms:play-services-panorama:11.0.0] AndroidManifest.xml:18:5-19
MERGED from [com.google.android.gms:play-services-panorama:11.0.0] AndroidManifest.xml:18:5-19
MERGED from [com.google.android.gms:play-services-plus:11.0.0] AndroidManifest.xml:18:5-19
MERGED from [com.google.android.gms:play-services-plus:11.0.0] AndroidManifest.xml:18:5-19
MERGED from [com.google.android.gms:play-services-safetynet:11.0.0] AndroidManifest.xml:18:5-19
MERGED from [com.google.android.gms:play-services-safetynet:11.0.0] AndroidManifest.xml:18:5-19
MERGED from [com.google.android.gms:play-services-vision:11.0.0] AndroidManifest.xml:4:5-19
MERGED from [com.google.android.gms:play-services-vision:11.0.0] AndroidManifest.xml:4:5-19
MERGED from [com.google.android.gms:play-services-vision-common:11.0.0] AndroidManifest.xml:4:5-19
MERGED from [com.google.android.gms:play-services-vision-common:11.0.0] AndroidManifest.xml:4:5-19
MERGED from [com.google.android.gms:play-services-wearable:11.0.0] AndroidManifest.xml:18:5-19
MERGED from [com.google.android.gms:play-services-wearable:11.0.0] AndroidManifest.xml:18:5-19
MERGED from [com.google.android.gms:play-services-base:11.0.0] AndroidManifest.xml:18:5-20:19
MERGED from [com.google.android.gms:play-services-base:11.0.0] AndroidManifest.xml:18:5-20:19
MERGED from [com.google.firebase:firebase-crash:11.0.0] AndroidManifest.xml:22:5-23:19
MERGED from [com.google.firebase:firebase-crash:11.0.0] AndroidManifest.xml:22:5-23:19
MERGED from [com.google.firebase:firebase-messaging:11.0.0] AndroidManifest.xml:19:5-29:19
MERGED from [com.google.firebase:firebase-messaging:11.0.0] AndroidManifest.xml:19:5-29:19
MERGED from [com.google.android.gms:play-services-tagmanager-api:11.0.0] AndroidManifest.xml:23:5-33:19
MERGED from [com.google.android.gms:play-services-tagmanager-api:11.0.0] AndroidManifest.xml:23:5-33:19
MERGED from [com.google.firebase:firebase-analytics:11.0.0] AndroidManifest.xml:24:5-34:19
MERGED from [com.google.firebase:firebase-analytics:11.0.0] AndroidManifest.xml:24:5-34:19
MERGED from [com.google.firebase:firebase-analytics-impl:11.0.0] AndroidManifest.xml:24:5-28:19
MERGED from [com.google.firebase:firebase-analytics-impl:11.0.0] AndroidManifest.xml:24:5-28:19
MERGED from [com.google.firebase:firebase-iid:11.0.0] AndroidManifest.xml:28:5-49:19
MERGED from [com.google.firebase:firebase-iid:11.0.0] AndroidManifest.xml:28:5-49:19
MERGED from [com.google.firebase:firebase-common:11.0.0] AndroidManifest.xml:4:5-7:19
MERGED from [com.google.firebase:firebase-common:11.0.0] AndroidManifest.xml:4:5-7:19
MERGED from [com.google.android.gms:play-services-gass:11.0.0] AndroidManifest.xml:4:5-19
MERGED from [com.google.android.gms:play-services-gass:11.0.0] AndroidManifest.xml:4:5-19
MERGED from [com.google.android.gms:play-services-tasks:11.0.0] AndroidManifest.xml:4:5-19
MERGED from [com.google.android.gms:play-services-tasks:11.0.0] AndroidManifest.xml:4:5-19
MERGED from [com.google.android.gms:play-services-basement:11.0.0] AndroidManifest.xml:19:5-21:19
MERGED from [com.google.android.gms:play-services-basement:11.0.0] AndroidManifest.xml:19:5-21:19
MERGED from [com.android.support:support-v4:26.1.0] AndroidManifest.xml:25:5-29:19
MERGED from [com.android.support:support-v4:26.1.0] AndroidManifest.xml:25:5-29:19
MERGED from [com.android.support.constraint:constraint-layout:1.1.2] AndroidManifest.xml:9:5-20
MERGED from [com.android.support.constraint:constraint-layout:1.1.2] AndroidManifest.xml:9:5-20
MERGED from [com.android.support:recyclerview-v7:26.1.0] AndroidManifest.xml:22:5-26:19
MERGED from [com.android.support:recyclerview-v7:26.1.0] AndroidManifest.xml:22:5-26:19
MERGED from [com.android.support:support-fragment:26.1.0] AndroidManifest.xml:25:5-29:19
MERGED from [com.android.support:support-fragment:26.1.0] AndroidManifest.xml:25:5-29:19
MERGED from [com.android.support:animated-vector-drawable:26.1.0] AndroidManifest.xml:22:5-26:19
MERGED from [com.android.support:animated-vector-drawable:26.1.0] AndroidManifest.xml:22:5-26:19
MERGED from [com.android.support:support-core-ui:26.1.0] AndroidManifest.xml:25:5-29:19
MERGED from [com.android.support:support-core-ui:26.1.0] AndroidManifest.xml:25:5-29:19
MERGED from [com.android.support:support-media-compat:26.1.0] AndroidManifest.xml:25:5-29:19
MERGED from [com.android.support:support-media-compat:26.1.0] AndroidManifest.xml:25:5-29:19
MERGED from [com.android.support:support-vector-drawable:26.1.0] AndroidManifest.xml:22:5-26:19
MERGED from [com.android.support:support-vector-drawable:26.1.0] AndroidManifest.xml:22:5-26:19
MERGED from [com.android.support:palette-v7:25.2.0] AndroidManifest.xml:22:5-23:19
MERGED from [com.android.support:palette-v7:25.2.0] AndroidManifest.xml:22:5-23:19
MERGED from [com.android.support:support-core-utils:26.1.0] AndroidManifest.xml:25:5-29:19
MERGED from [com.android.support:support-core-utils:26.1.0] AndroidManifest.xml:25:5-29:19
MERGED from [com.android.support:support-compat:26.1.0] AndroidManifest.xml:25:5-29:19
MERGED from [com.android.support:support-compat:26.1.0] AndroidManifest.xml:25:5-29:19
MERGED from [android.arch.lifecycle:runtime:1.0.0] AndroidManifest.xml:24:5-28:19
MERGED from [android.arch.lifecycle:runtime:1.0.0] AndroidManifest.xml:24:5-28:19
	android:supportsRtl
		ADDED from src\main\AndroidManifest.xml:19:9-35
	android:label
		ADDED from src\main\AndroidManifest.xml:17:9-41
	android:roundIcon
		ADDED from src\main\AndroidManifest.xml:18:9-54
	android:icon
		ADDED from src\main\AndroidManifest.xml:16:9-43
	android:allowBackup
		ADDED from src\main\AndroidManifest.xml:15:9-35
	android:theme
		ADDED from src\main\AndroidManifest.xml:20:9-40
activity#com.example.lenovo.angonaa.Activity.MainActivity
ADDED from src\main\AndroidManifest.xml:21:9-24:59
	android:label
		ADDED from src\main\AndroidManifest.xml:23:13-45
	android:theme
		ADDED from src\main\AndroidManifest.xml:24:13-56
	android:name
		ADDED from src\main\AndroidManifest.xml:22:13-50
activity#com.example.lenovo.angonaa.Activity.About_usActivity
ADDED from src\main\AndroidManifest.xml:25:9-63
	android:name
		ADDED from src\main\AndroidManifest.xml:25:19-60
activity#com.example.lenovo.angonaa.Activity.TipsActivityActivity
ADDED from src\main\AndroidManifest.xml:26:9-67
	android:name
		ADDED from src\main\AndroidManifest.xml:26:19-64
activity#com.example.lenovo.angonaa.Activity.TitleActivity
ADDED from src\main\AndroidManifest.xml:27:9-33:20
	android:name
		ADDED from src\main\AndroidManifest.xml:27:19-57
intent-filter#android.intent.action.MAIN+android.intent.category.LAUNCHER
ADDED from src\main\AndroidManifest.xml:28:13-32:29
action#android.intent.action.MAIN
ADDED from src\main\AndroidManifest.xml:29:17-69
	android:name
		ADDED from src\main\AndroidManifest.xml:29:25-66
category#android.intent.category.LAUNCHER
ADDED from src\main\AndroidManifest.xml:31:17-77
	android:name
		ADDED from src\main\AndroidManifest.xml:31:27-74
activity#com.example.lenovo.angonaa.Activity.SettingsActivity
ADDED from src\main\AndroidManifest.xml:34:9-63
	android:name
		ADDED from src\main\AndroidManifest.xml:34:19-60
activity#com.example.lenovo.angonaa.Activity.StopandexitActivity
ADDED from src\main\AndroidManifest.xml:35:9-66
	android:name
		ADDED from src\main\AndroidManifest.xml:35:19-63
activity#com.example.lenovo.angonaa.Activity.DeleteEmergencyActivity
ADDED from src\main\AndroidManifest.xml:36:9-70
	android:name
		ADDED from src\main\AndroidManifest.xml:36:19-67
activity#com.example.lenovo.angonaa.Activity.DisclaimerActivity
ADDED from src\main\AndroidManifest.xml:37:9-65
	android:name
		ADDED from src\main\AndroidManifest.xml:37:19-62
activity#com.example.lenovo.angonaa.Activity.SignupActivity
ADDED from src\main\AndroidManifest.xml:38:9-61
	android:name
		ADDED from src\main\AndroidManifest.xml:38:19-58
activity#com.example.lenovo.angonaa.Activity.PreferenceActivity2
ADDED from src\main\AndroidManifest.xml:39:9-66
	android:name
		ADDED from src\main\AndroidManifest.xml:39:19-63
service#com.example.lenovo.angonaa.Service.ShakeSensorService
ADDED from src\main\AndroidManifest.xml:41:9-44:39
	android:enabled
		ADDED from src\main\AndroidManifest.xml:43:13-35
	android:exported
		ADDED from src\main\AndroidManifest.xml:44:13-36
	android:name
		ADDED from src\main\AndroidManifest.xml:42:13-55
activity#com.example.lenovo.angonaa.Activity.EmergencyListActivity
ADDED from src\main\AndroidManifest.xml:46:9-68
	android:name
		ADDED from src\main\AndroidManifest.xml:46:19-65
uses-sdk
INJECTED from src\main\AndroidManifest.xml reason: use-sdk injection requested
INJECTED from src\main\AndroidManifest.xml
INJECTED from src\main\AndroidManifest.xml
MERGED from [com.android.support:design:26.1.0] AndroidManifest.xml:21:5-23:62
MERGED from [com.android.support:design:26.1.0] AndroidManifest.xml:21:5-23:62
MERGED from [com.google.android.gms:play-services:11.0.0] AndroidManifest.xml:4:5-43
MERGED from [com.google.android.gms:play-services:11.0.0] AndroidManifest.xml:4:5-43
MERGED from [com.google.android.gms:play-services-cast-framework:11.0.0] AndroidManifest.xml:3:5-43
MERGED from [com.google.android.gms:play-services-cast-framework:11.0.0] AndroidManifest.xml:3:5-43
MERGED from [com.google.android.gms:play-services-cast:11.0.0] AndroidManifest.xml:17:5-43
MERGED from [com.google.android.gms:play-services-cast:11.0.0] AndroidManifest.xml:17:5-43
MERGED from [com.android.support:mediarouter-v7:25.2.0] AndroidManifest.xml:20:5-43
MERGED from [com.android.support:mediarouter-v7:25.2.0] AndroidManifest.xml:20:5-43
MERGED from [com.android.support:appcompat-v7:26.1.0] AndroidManifest.xml:21:5-23:78
MERGED from [com.android.support:appcompat-v7:26.1.0] AndroidManifest.xml:21:5-23:78
MERGED from [com.android.support:transition:26.1.0] AndroidManifest.xml:20:5-44
MERGED from [com.android.support:transition:26.1.0] AndroidManifest.xml:20:5-44
MERGED from [com.google.android.gms:play-services-awareness:11.0.0] AndroidManifest.xml:17:5-43
MERGED from [com.google.android.gms:play-services-awareness:11.0.0] AndroidManifest.xml:17:5-43
MERGED from [com.google.android.gms:play-services-fitness:11.0.0] AndroidManifest.xml:17:5-43
MERGED from [com.google.android.gms:play-services-fitness:11.0.0] AndroidManifest.xml:17:5-43
MERGED from [com.google.android.gms:play-services-location:11.0.0] AndroidManifest.xml:3:5-43
MERGED from [com.google.android.gms:play-services-location:11.0.0] AndroidManifest.xml:3:5-43
MERGED from [com.google.android.gms:play-services-ads:11.0.0] AndroidManifest.xml:17:5-43
MERGED from [com.google.android.gms:play-services-ads:11.0.0] AndroidManifest.xml:17:5-43
MERGED from [com.google.android.gms:play-services-ads-lite:11.0.0] AndroidManifest.xml:22:5-43
MERGED from [com.google.android.gms:play-services-ads-lite:11.0.0] AndroidManifest.xml:22:5-43
MERGED from [com.google.android.gms:play-services-analytics:11.0.0] AndroidManifest.xml:17:5-43
MERGED from [com.google.android.gms:play-services-analytics:11.0.0] AndroidManifest.xml:17:5-43
MERGED from [com.google.android.gms:play-services-tagmanager:11.0.0] AndroidManifest.xml:17:5-43
MERGED from [com.google.android.gms:play-services-tagmanager:11.0.0] AndroidManifest.xml:17:5-43
MERGED from [com.google.android.gms:play-services-tagmanager-v4-impl:11.0.0] AndroidManifest.xml:17:5-43
MERGED from [com.google.android.gms:play-services-tagmanager-v4-impl:11.0.0] AndroidManifest.xml:17:5-43
MERGED from [com.google.android.gms:play-services-analytics-impl:11.0.0] AndroidManifest.xml:17:5-43
MERGED from [com.google.android.gms:play-services-analytics-impl:11.0.0] AndroidManifest.xml:17:5-43
MERGED from [com.google.android.gms:play-services-appinvite:11.0.0] AndroidManifest.xml:17:5-43
MERGED from [com.google.android.gms:play-services-appinvite:11.0.0] AndroidManifest.xml:17:5-43
MERGED from [com.google.android.gms:play-services-auth-api-phone:11.0.0] AndroidManifest.xml:3:3-41
MERGED from [com.google.android.gms:play-services-auth-api-phone:11.0.0] AndroidManifest.xml:3:3-41
MERGED from [com.google.android.gms:play-services-auth:11.0.0] AndroidManifest.xml:17:5-43
MERGED from [com.google.android.gms:play-services-auth:11.0.0] AndroidManifest.xml:17:5-43
MERGED from [com.google.android.gms:play-services-auth-base:11.0.0] AndroidManifest.xml:4:5-43
MERGED from [com.google.android.gms:play-services-auth-base:11.0.0] AndroidManifest.xml:4:5-43
MERGED from [com.google.android.gms:play-services-clearcut:11.0.0] AndroidManifest.xml:17:5-43
MERGED from [com.google.android.gms:play-services-clearcut:11.0.0] AndroidManifest.xml:17:5-43
MERGED from [com.google.firebase:firebase-config:11.0.0] AndroidManifest.xml:17:5-43
MERGED from [com.google.firebase:firebase-config:11.0.0] AndroidManifest.xml:17:5-43
MERGED from [com.google.android.gms:play-services-games:11.0.0] AndroidManifest.xml:17:5-43
MERGED from [com.google.android.gms:play-services-games:11.0.0] AndroidManifest.xml:17:5-43
MERGED from [com.google.android.gms:play-services-drive:11.0.0] AndroidManifest.xml:17:5-43
MERGED from [com.google.android.gms:play-services-drive:11.0.0] AndroidManifest.xml:17:5-43
MERGED from [com.google.firebase:firebase-auth:11.0.0] AndroidManifest.xml:17:5-43
MERGED from [com.google.firebase:firebase-auth:11.0.0] AndroidManifest.xml:17:5-43
MERGED from [com.google.firebase:firebase-dynamic-links:11.0.0] AndroidManifest.xml:3:3-41
MERGED from [com.google.firebase:firebase-dynamic-links:11.0.0] AndroidManifest.xml:3:3-41
MERGED from [com.google.android.gms:play-services-gcm:11.0.0] AndroidManifest.xml:17:5-43
MERGED from [com.google.android.gms:play-services-gcm:11.0.0] AndroidManifest.xml:17:5-43
MERGED from [com.google.firebase:firebase-appindexing:11.0.0] AndroidManifest.xml:17:5-43
MERGED from [com.google.firebase:firebase-appindexing:11.0.0] AndroidManifest.xml:17:5-43
MERGED from [com.google.android.gms:play-services-wallet:11.0.0] AndroidManifest.xml:18:5-43
MERGED from [com.google.android.gms:play-services-wallet:11.0.0] AndroidManifest.xml:18:5-43
MERGED from [com.google.android.gms:play-services-identity:11.0.0] AndroidManifest.xml:17:5-43
MERGED from [com.google.android.gms:play-services-identity:11.0.0] AndroidManifest.xml:17:5-43
MERGED from [com.google.android.gms:play-services-iid:11.0.0] AndroidManifest.xml:17:5-43
MERGED from [com.google.android.gms:play-services-iid:11.0.0] AndroidManifest.xml:17:5-43
MERGED from [com.google.android.gms:play-services-instantapps:11.0.0] AndroidManifest.xml:3:5-43
MERGED from [com.google.android.gms:play-services-instantapps:11.0.0] AndroidManifest.xml:3:5-43
MERGED from [com.google.android.gms:play-services-places:11.0.0] AndroidManifest.xml:17:5-43
MERGED from [com.google.android.gms:play-services-places:11.0.0] AndroidManifest.xml:17:5-43
MERGED from [com.google.android.gms:play-services-maps:11.0.0] AndroidManifest.xml:23:5-43
MERGED from [com.google.android.gms:play-services-maps:11.0.0] AndroidManifest.xml:23:5-43
MERGED from [com.google.android.gms:play-services-nearby:11.0.0] AndroidManifest.xml:3:5-43
MERGED from [com.google.android.gms:play-services-nearby:11.0.0] AndroidManifest.xml:3:5-43
MERGED from [com.google.android.gms:play-services-panorama:11.0.0] AndroidManifest.xml:17:5-43
MERGED from [com.google.android.gms:play-services-panorama:11.0.0] AndroidManifest.xml:17:5-43
MERGED from [com.google.android.gms:play-services-plus:11.0.0] AndroidManifest.xml:17:5-43
MERGED from [com.google.android.gms:play-services-plus:11.0.0] AndroidManifest.xml:17:5-43
MERGED from [com.google.android.gms:play-services-safetynet:11.0.0] AndroidManifest.xml:17:5-43
MERGED from [com.google.android.gms:play-services-safetynet:11.0.0] AndroidManifest.xml:17:5-43
MERGED from [com.google.android.gms:play-services-vision:11.0.0] AndroidManifest.xml:3:5-43
MERGED from [com.google.android.gms:play-services-vision:11.0.0] AndroidManifest.xml:3:5-43
MERGED from [com.google.android.gms:play-services-vision-common:11.0.0] AndroidManifest.xml:3:5-43
MERGED from [com.google.android.gms:play-services-vision-common:11.0.0] AndroidManifest.xml:3:5-43
MERGED from [com.google.android.gms:play-services-wearable:11.0.0] AndroidManifest.xml:17:5-43
MERGED from [com.google.android.gms:play-services-wearable:11.0.0] AndroidManifest.xml:17:5-43